Arguments: 
  /Users/marsch/.nvm/versions/node/v9.4.0/bin/node /usr/local/Cellar/yarn/1.5.1_1/libexec/bin/yarn.js

PATH: 
  /Users/marsch/anaconda3/bin:/usr/local/Frameworks/Python.framework/Versions/3.6/bin/:/usr/local/sbin:/Users/marsch/.nvm/versions/node/v9.4.0/bin:/Library/Frameworks/Python.framework/Versions/3.6/bin:/usr/local/bin:/usr/bin:/bin:/usr/sbin:/sbin:/opt/X11/bin:/Library/Frameworks/Mono.framework/Versions/Current/Commands:/Users/marsch/anaconda3/bin:/usr/local/Frameworks/Python.framework/Versions/3.6/bin/:/usr/local/sbin:/Library/Frameworks/Python.framework/Versions/3.6/bin

Yarn version: 
  1.5.1

Node version: 
  9.4.0

Platform: 
  darwin x64

npm manifest: 
  {
    "name": ".",
    "version": "1.0.0",
    "description": "Describe . here",
    "private": true,
    "scripts": {
      "build": "nwb build-react-app",
      "clean": "nwb clean-app",
      "start": "nwb serve-react-app",
      "test": "nwb test-react",
      "test:coverage": "nwb test-react --coverage",
      "test:watch": "nwb test-react --server"
    },
    "dependencies": {
      "react": "^16.3.2",
      "react-dom": "^16.3.2"
    },
    "devDependencies": {
      "nwb": "0.21.x"
    },
    "author": "",
    "license": "MIT",
    "repository": ""
  }

yarn manifest: 
  No manifest

Lockfile: 
  No lockfile

Trace: 
  Error: package.json: Name can't start with a dot
      at new MessageError (/usr/local/Cellar/yarn/1.5.1_1/libexec/lib/cli.js:186:110)
      at module.exports.exports.default (/usr/local/Cellar/yarn/1.5.1_1/libexec/lib/cli.js:37544:13)
      at /usr/local/Cellar/yarn/1.5.1_1/libexec/lib/cli.js:52434:51
      at Generator.next (<anonymous>)
      at step (/usr/local/Cellar/yarn/1.5.1_1/libexec/lib/cli.js:98:30)
      at /usr/local/Cellar/yarn/1.5.1_1/libexec/lib/cli.js:109:13
      at <anonymous>
